<?xml version="1.0" encoding="UTF-8"?>
<!-- Generated by org.testng.reporters.JUnitReportReporter -->
<testsuite hostname="LAPTOP-DOBLN3AU" failures="0" tests="1" name="seleniumGridDemos.GridDemoStandAlone" time="3.585" errors="0" timestamp="2023-12-18T11:00:30 IST" skipped="0">
  <testcase classname="seleniumGridDemos.GridDemoStandAlone" name="gridstandalone_Test" time="3.585"/>
  <system-out/>
</testsuite> <!-- seleniumGridDemos.GridDemoStandAlone -->
