<?xml version="1.0" encoding="UTF-8"?>
<!-- Generated by org.testng.reporters.JUnitReportReporter -->
<testsuite hostname="LAPTOP-DOBLN3AU" failures="0" tests="2" name="seleniumGridDemos.GridDemo1" time="17.401" errors="0" timestamp="2023-12-18T12:03:55 IST" skipped="0">
  <testcase classname="seleniumGridDemos.GridDemo1" name="chromeTest1" time="8.422"/>
  <system-out/>
  <testcase classname="seleniumGridDemos.GridDemo1" name="firefoxTest1" time="8.979"/>
  <system-out/>
</testsuite> <!-- seleniumGridDemos.GridDemo1 -->
